<?xml version="1.0" encoding="UTF-8"?>
<robot generator="Robot 6.1.1 (Python 3.12.3 on win32)" generated="20240502 21:25:51.157" rpa="false" schemaversion="4">
<suite id="s1" name="Tests" source="C:\uthovarasto\osa3\hello-robot\src\tests">
<suite id="s1-s1" name="Increase Counter" source="C:\uthovarasto\osa3\hello-robot\src\tests\increase_counter.robot">
<test id="s1-s1-t1" name="Increase Counter Once" line="5">
<kw name="Counter Value Should Be" library="CounterLibrary">
<arg>0</arg>
<status status="PASS" starttime="20240502 21:25:51.191" endtime="20240502 21:25:51.192"/>
</kw>
<kw name="Increase Counter" library="CounterLibrary">
<status status="PASS" starttime="20240502 21:25:51.192" endtime="20240502 21:25:51.192"/>
</kw>
<kw name="Counter Value Should Be" library="CounterLibrary">
<arg>1</arg>
<status status="PASS" starttime="20240502 21:25:51.192" endtime="20240502 21:25:51.192"/>
</kw>
<status status="PASS" starttime="20240502 21:25:51.191" endtime="20240502 21:25:51.192"/>
</test>
<test id="s1-s1-t2" name="Increase Counter Many Times" line="10">
<kw name="Counter Value Should Be" library="CounterLibrary">
<arg>0</arg>
<status status="PASS" starttime="20240502 21:25:51.193" endtime="20240502 21:25:51.193"/>
</kw>
<kw name="Increase Counter" library="CounterLibrary">
<status status="PASS" starttime="20240502 21:25:51.193" endtime="20240502 21:25:51.193"/>
</kw>
<kw name="Increase Counter" library="CounterLibrary">
<status status="PASS" starttime="20240502 21:25:51.193" endtime="20240502 21:25:51.193"/>
</kw>
<kw name="Increase Counter" library="CounterLibrary">
<status status="PASS" starttime="20240502 21:25:51.193" endtime="20240502 21:25:51.193"/>
</kw>
<kw name="Counter Value Should Be" library="CounterLibrary">
<arg>3</arg>
<status status="PASS" starttime="20240502 21:25:51.194" endtime="20240502 21:25:51.194"/>
</kw>
<status status="PASS" starttime="20240502 21:25:51.193" endtime="20240502 21:25:51.194"/>
</test>
<test id="s1-s1-t3" name="Increment Counter By Amount" line="17">
<kw name="Counter Value Should Be" library="CounterLibrary">
<arg>0</arg>
<status status="PASS" starttime="20240502 21:25:51.194" endtime="20240502 21:25:51.195"/>
</kw>
<kw name="Increment Counter By" library="CounterLibrary">
<arg>5</arg>
<status status="PASS" starttime="20240502 21:25:51.195" endtime="20240502 21:25:51.195"/>
</kw>
<kw name="Counter Value Should Be" library="CounterLibrary">
<arg>5</arg>
<status status="PASS" starttime="20240502 21:25:51.195" endtime="20240502 21:25:51.195"/>
</kw>
<status status="PASS" starttime="20240502 21:25:51.194" endtime="20240502 21:25:51.195"/>
</test>
<status status="PASS" starttime="20240502 21:25:51.182" endtime="20240502 21:25:51.196"/>
</suite>
<suite id="s1-s2" name="Reset Counter" source="C:\uthovarasto\osa3\hello-robot\src\tests\reset_counter.robot">
<test id="s1-s2-t1" name="Reset Counter After One Increment" line="5">
<kw name="Counter Value Should Be" library="CounterLibrary">
<arg>0</arg>
<status status="PASS" starttime="20240502 21:25:51.199" endtime="20240502 21:25:51.199"/>
</kw>
<kw name="Increase Counter" library="CounterLibrary">
<status status="PASS" starttime="20240502 21:25:51.199" endtime="20240502 21:25:51.199"/>
</kw>
<kw name="Counter Value Should Be" library="CounterLibrary">
<arg>1</arg>
<status status="PASS" starttime="20240502 21:25:51.199" endtime="20240502 21:25:51.200"/>
</kw>
<kw name="Reset Counter" library="CounterLibrary">
<status status="PASS" starttime="20240502 21:25:51.200" endtime="20240502 21:25:51.200"/>
</kw>
<kw name="Counter Value Should Be" library="CounterLibrary">
<arg>0</arg>
<status status="PASS" starttime="20240502 21:25:51.200" endtime="20240502 21:25:51.200"/>
</kw>
<status status="PASS" starttime="20240502 21:25:51.199" endtime="20240502 21:25:51.200"/>
</test>
<test id="s1-s2-t2" name="Reset Counter After Several Increments" line="12">
<kw name="Counter Value Should Be" library="CounterLibrary">
<arg>0</arg>
<status status="PASS" starttime="20240502 21:25:51.201" endtime="20240502 21:25:51.201"/>
</kw>
<kw name="Increment Counter By" library="CounterLibrary">
<arg>5</arg>
<status status="PASS" starttime="20240502 21:25:51.201" endtime="20240502 21:25:51.201"/>
</kw>
<kw name="Counter Value Should Be" library="CounterLibrary">
<arg>5</arg>
<status status="PASS" starttime="20240502 21:25:51.201" endtime="20240502 21:25:51.201"/>
</kw>
<kw name="Reset Counter" library="CounterLibrary">
<status status="PASS" starttime="20240502 21:25:51.201" endtime="20240502 21:25:51.201"/>
</kw>
<kw name="Counter Value Should Be" library="CounterLibrary">
<arg>0</arg>
<status status="PASS" starttime="20240502 21:25:51.201" endtime="20240502 21:25:51.202"/>
</kw>
<status status="PASS" starttime="20240502 21:25:51.200" endtime="20240502 21:25:51.202"/>
</test>
<status status="PASS" starttime="20240502 21:25:51.196" endtime="20240502 21:25:51.202"/>
</suite>
<status status="PASS" starttime="20240502 21:25:51.158" endtime="20240502 21:25:51.203"/>
</suite>
<statistics>
<total>
<stat pass="5" fail="0" skip="0">All Tests</stat>
</total>
<tag>
</tag>
<suite>
<stat pass="5" fail="0" skip="0" id="s1" name="Tests">Tests</stat>
<stat pass="3" fail="0" skip="0" id="s1-s1" name="Increase Counter">Tests.Increase Counter</stat>
<stat pass="2" fail="0" skip="0" id="s1-s2" name="Reset Counter">Tests.Reset Counter</stat>
</suite>
</statistics>
<errors>
</errors>
</robot>
