<?xml version="1.0" encoding="UTF-8"?>
<robot generator="Robot 6.1.1 (Python 3.12.3 on win32)" generated="20240502 23:28:07.595" rpa="false" schemaversion="4">
<suite id="s1" name="Login" source="C:\uthovarasto\osa3\login-robot\src\tests\login.robot">
<test id="s1-t1" name="Login With Correct Credentials" line="14">
<kw name="Create User And Input Login Command" type="SETUP">
<kw name="Create User" library="AppLibrary">
<arg>kalle</arg>
<arg>kalle123</arg>
<status status="PASS" starttime="20240502 23:28:07.632" endtime="20240502 23:28:07.632"/>
</kw>
<kw name="Input Login Command" library="resource">
<kw name="Input" library="AppLibrary">
<arg>login</arg>
<status status="PASS" starttime="20240502 23:28:07.632" endtime="20240502 23:28:07.632"/>
</kw>
<status status="PASS" starttime="20240502 23:28:07.632" endtime="20240502 23:28:07.632"/>
</kw>
<status status="PASS" starttime="20240502 23:28:07.631" endtime="20240502 23:28:07.632"/>
</kw>
<kw name="Input Credentials" library="resource">
<arg>kalle</arg>
<arg>kalle123</arg>
<kw name="Input" library="AppLibrary">
<arg>${username}</arg>
<status status="PASS" starttime="20240502 23:28:07.632" endtime="20240502 23:28:07.633"/>
</kw>
<kw name="Input" library="AppLibrary">
<arg>${password}</arg>
<status status="PASS" starttime="20240502 23:28:07.633" endtime="20240502 23:28:07.633"/>
</kw>
<kw name="Run Application" library="AppLibrary">
<status status="PASS" starttime="20240502 23:28:07.633" endtime="20240502 23:28:46.204"/>
</kw>
<status status="PASS" starttime="20240502 23:28:07.632" endtime="20240502 23:28:46.204"/>
</kw>
<kw name="Output Should Contain" library="AppLibrary">
<arg>Logged in</arg>
<msg timestamp="20240502 23:28:46.205" level="FAIL">Output "Logged in" is not in ['']</msg>
<status status="FAIL" starttime="20240502 23:28:46.205" endtime="20240502 23:28:46.205"/>
</kw>
<status status="FAIL" starttime="20240502 23:28:07.631" endtime="20240502 23:28:46.205">Output "Logged in" is not in ['']</status>
</test>
<status status="FAIL" starttime="20240502 23:28:07.596" endtime="20240502 23:28:46.206"/>
</suite>
<statistics>
<total>
<stat pass="0" fail="1" skip="0">All Tests</stat>
</total>
<tag>
</tag>
<suite>
<stat pass="0" fail="1" skip="0" id="s1" name="Login">Login</stat>
</suite>
</statistics>
<errors>
</errors>
</robot>
